# JRE version: OpenJDK Runtime Environment Temurin-17.0.2+8 (17.0.2+8) (build 17.0.2+8)
# Java VM: OpenJDK 64-Bit Server VM Temurin-17.0.2+8 (17.0.2+8, mixed mode, emulated-client, tiered, compressed oops, compressed class ptrs, g1 gc, windows-amd64)
GC Precious Log:
 CPUs: 8 total, 8 available
 Memory: 6061M
 Large Page Support: Disabled
 NUMA Support: Disabled
 Compressed Oops: Enabled (32-bit)
 Heap Region Size: 1M
 Heap Min Capacity: 8M
 Heap Initial Capacity: 96M
 Heap Max Capacity: 1516M
 Pre-touch: Disabled
 Parallel Workers: 8
 Concurrent Workers: 2
 Concurrent Refinement Workers: 8
 Periodic GC: Disabled
Heap:
 garbage-first heap   total 71680K, used 31478K [0x00000000a1400000, 0x0000000100000000)
  region size 1024K, 11 young (11264K), 2 survivors (2048K)
 Metaspace       used 39800K, committed 40128K, reserved 1089536K
  class space    used 5025K, committed 5184K, reserved 1048576K
GC Heap History (20 events):
Event: 911.760 GC heap before
{Heap before GC invocations=89 (full 47):
 garbage-first heap   total 71680K, used 57766K [0x00000000a1400000, 0x0000000100000000)
  region size 1024K, 35 young (35840K), 2 survivors (2048K)
 Metaspace       used 39796K, committed 40128K, reserved 1089536K
  class space    used 5024K, committed 5184K, reserved 1048576K
}
Event: 911.763 GC heap after
{Heap after GC invocations=90 (full 47):
 garbage-first heap   total 71680K, used 22948K [0x00000000a1400000, 0x0000000100000000)
  region size 1024K, 1 young (1024K), 1 survivors (1024K)
 Metaspace       used 39796K, committed 40128K, reserved 1089536K
  class space    used 5024K, committed 5184K, reserved 1048576K
}
Event: 914.802 GC heap before
{Heap before GC invocations=90 (full 47):
 garbage-first heap   total 71680K, used 58788K [0x00000000a1400000, 0x0000000100000000)
  region size 1024K, 36 young (36864K), 1 survivors (1024K)
 Metaspace       used 39796K, committed 40128K, reserved 1089536K
  class space    used 5024K, committed 5184K, reserved 1048576K
}
Event: 914.806 GC heap after
{Heap after GC invocations=91 (full 47):
 garbage-first heap   total 71680K, used 22999K [0x00000000a1400000, 0x0000000100000000)
  region size 1024K, 1 young (1024K), 1 survivors (1024K)
 Metaspace       used 39796K, committed 40128K, reserved 1089536K
  class space    used 5024K, committed 5184K, reserved 1048576K
}
Event: 917.061 GC heap before
{Heap before GC invocations=91 (full 47):
 garbage-first heap   total 71680K, used 58839K [0x00000000a1400000, 0x0000000100000000)
  region size 1024K, 36 young (36864K), 1 survivors (1024K)
 Metaspace       used 39796K, committed 40128K, reserved 1089536K
  class space    used 5024K, committed 5184K, reserved 1048576K
}
Event: 917.064 GC heap after
{Heap after GC invocations=92 (full 47):
 garbage-first heap   total 71680K, used 23621K [0x00000000a1400000, 0x0000000100000000)
  region size 1024K, 2 young (2048K), 2 survivors (2048K)
 Metaspace       used 39796K, committed 40128K, reserved 1089536K
  class space    used 5024K, committed 5184K, reserved 1048576K
}
Event: 920.076 GC heap before
{Heap before GC invocations=92 (full 47):
 garbage-first heap   total 71680K, used 58437K [0x00000000a1400000, 0x0000000100000000)
  region size 1024K, 36 young (36864K), 2 survivors (2048K)
 Metaspace       used 39796K, committed 40128K, reserved 1089536K
  class space    used 5024K, committed 5184K, reserved 1048576K
}
Event: 920.078 GC heap after
{Heap after GC invocations=93 (full 47):
 garbage-first heap   total 71680K, used 23015K [0x00000000a1400000, 0x0000000100000000)
  region size 1024K, 1 young (1024K), 1 survivors (1024K)
 Metaspace       used 39796K, committed 40128K, reserved 1089536K
  class space    used 5024K, committed 5184K, reserved 1048576K
}
Event: 925.856 GC heap before
{Heap before GC invocations=93 (full 47):
 garbage-first heap   total 71680K, used 58855K [0x00000000a1400000, 0x0000000100000000)
  region size 1024K, 36 young (36864K), 1 survivors (1024K)
 Metaspace       used 39796K, committed 40128K, reserved 1089536K
  class space    used 5024K, committed 5184K, reserved 1048576K
}
Event: 925.858 GC heap after
{Heap after GC invocations=94 (full 47):
 garbage-first heap   total 71680K, used 23176K [0x00000000a1400000, 0x0000000100000000)
  region size 1024K, 1 young (1024K), 1 survivors (1024K)
 Metaspace       used 39796K, committed 40128K, reserved 1089536K
  class space    used 5024K, committed 5184K, reserved 1048576K
}
Event: 929.314 GC heap before
{Heap before GC invocations=94 (full 47):
 garbage-first heap   total 71680K, used 59016K [0x00000000a1400000, 0x0000000100000000)
  region size 1024K, 36 young (36864K), 1 survivors (1024K)
 Metaspace       used 39798K, committed 40128K, reserved 1089536K
  class space    used 5025K, committed 5184K, reserved 1048576K
}
Event: 929.317 GC heap after
{Heap after GC invocations=95 (full 47):
 garbage-first heap   total 71680K, used 23363K [0x00000000a1400000, 0x0000000100000000)
  region size 1024K, 2 young (2048K), 2 survivors (2048K)
 Metaspace       used 39798K, committed 40128K, reserved 1089536K
  class space    used 5025K, committed 5184K, reserved 1048576K
}
Event: 932.750 GC heap before
{Heap before GC invocations=95 (full 47):
 garbage-first heap   total 71680K, used 58179K [0x00000000a1400000, 0x0000000100000000)
  region size 1024K, 36 young (36864K), 2 survivors (2048K)
 Metaspace       used 39800K, committed 40128K, reserved 1089536K
  class space    used 5025K, committed 5184K, reserved 1048576K
}
Event: 932.751 GC heap after
{Heap after GC invocations=96 (full 47):
 garbage-first heap   total 71680K, used 23212K [0x00000000a1400000, 0x0000000100000000)
  region size 1024K, 1 young (1024K), 1 survivors (1024K)
 Metaspace       used 39800K, committed 40128K, reserved 1089536K
  class space    used 5025K, committed 5184K, reserved 1048576K
}
Event: 936.275 GC heap before
{Heap before GC invocations=96 (full 47):
 garbage-first heap   total 71680K, used 59052K [0x00000000a1400000, 0x0000000100000000)
  region size 1024K, 36 young (36864K), 1 survivors (1024K)
 Metaspace       used 39800K, committed 40128K, reserved 1089536K
  class space    used 5025K, committed 5184K, reserved 1048576K
}
Event: 936.278 GC heap after
{Heap after GC invocations=97 (full 47):
 garbage-first heap   total 71680K, used 23497K [0x00000000a1400000, 0x0000000100000000)
  region size 1024K, 2 young (2048K), 2 survivors (2048K)
 Metaspace       used 39800K, committed 40128K, reserved 1089536K
  class space    used 5025K, committed 5184K, reserved 1048576K
}
Event: 961.642 GC heap before
{Heap before GC invocations=97 (full 47):
 garbage-first heap   total 71680K, used 58313K [0x00000000a1400000, 0x0000000100000000)
  region size 1024K, 36 young (36864K), 2 survivors (2048K)
 Metaspace       used 39800K, committed 40128K, reserved 1089536K
  class space    used 5025K, committed 5184K, reserved 1048576K
}
Event: 961.645 GC heap after
{Heap after GC invocations=98 (full 47):
 garbage-first heap   total 71680K, used 23763K [0x00000000a1400000, 0x0000000100000000)
  region size 1024K, 2 young (2048K), 2 survivors (2048K)
 Metaspace       used 39800K, committed 40128K, reserved 1089536K
  class space    used 5025K, committed 5184K, reserved 1048576K
}
Event: 964.270 GC heap before
{Heap before GC invocations=98 (full 47):
 garbage-first heap   total 71680K, used 58579K [0x00000000a1400000, 0x0000000100000000)
  region size 1024K, 36 young (36864K), 2 survivors (2048K)
 Metaspace       used 39800K, committed 40128K, reserved 1089536K
  class space    used 5025K, committed 5184K, reserved 1048576K
}
Event: 964.272 GC heap after
{Heap after GC invocations=99 (full 47):
 garbage-first heap   total 71680K, used 23286K [0x00000000a1400000, 0x0000000100000000)
  region size 1024K, 2 young (2048K), 2 survivors (2048K)
 Metaspace       used 39800K, committed 40128K, reserved 1089536K
  class space    used 5025K, committed 5184K, reserved 1048576K
}

